<?xml version="1.0" encoding="UTF-8"?>
<!-- Generated by org.testng.reporters.JUnitXMLReporter -->
<testsuite hostname="LAPTOP-76PGCCB3" ignored="0" name="Default test" tests="2" failures="2" timestamp="2019-12-16T07:08:35 IST" time="0.281" errors="0">
  <testcase name="feature" time="0.114" classname="com.testautomation.TestRunner.TestRunner">
    <failure type="java.lang.NullPointerException">
      <![CDATA[java.lang.NullPointerException
at com.testautomation.Listeners.ExtentReportListener.testStepHandle(ExtentReportListener.java:48)
at com.testautomation.StepDef.YoutubeChannelValidationsStepDef.open_Chrome_browser_with_URL(YoutubeChannelValidationsStepDef.java:48)
at ✽.Open Chrome browser with URL(./features/DataDrivenTesting.feature:4)
]]>
    </failure>
  </testcase> <!-- feature -->
  <testcase name="feature" time="0.004" classname="com.testautomation.TestRunner.TestRunner">
    <failure type="java.lang.NullPointerException">
      <![CDATA[java.lang.NullPointerException
at com.testautomation.Listeners.ExtentReportListener.testStepHandle(ExtentReportListener.java:48)
at com.testautomation.StepDef.YoutubeChannelValidationsStepDef.open_Chrome_browser_with_URL(YoutubeChannelValidationsStepDef.java:48)
at ✽.Open Chrome browser with URL(./features/DataDrivenTesting.feature:4)
]]>
    </failure>
  </testcase> <!-- feature -->
</testsuite> <!-- Default test -->
