<?xml version="1.0" encoding="UTF-8"?>
<!-- Generated by org.testng.reporters.JUnitXMLReporter -->
<testsuite hostname="LAPTOP-76PGCCB3" ignored="0" name="Automation Test Report" tests="2" failures="0" timestamp="2019-12-16T07:22:59 IST" time="39.468" errors="0">
  <testcase name="feature" time="20.046" classname="com.testautomation.TestRunner.TestRunner"/>
  <testcase name="feature" time="19.178" classname="com.testautomation.TestRunner.TestRunner"/>
</testsuite> <!-- Automation Test Report -->
