<?xml version="1.0" encoding="UTF-8"?>
<testng-results skipped="0" failed="0" ignored="0" total="2" passed="2">
  <reporter-output>
  </reporter-output>
  <suite name="Automation Test Report" duration-ms="39468" started-at="2019-12-16T07:22:20 IST" finished-at="2019-12-16T07:22:59 IST">
    <groups>
    </groups>
    <test name="Automation Test Report" duration-ms="39468" started-at="2019-12-16T07:22:20 IST" finished-at="2019-12-16T07:22:59 IST">
      <class name="com.testautomation.TestRunner.TestRunner">
        <test-method status="PASS" signature="setUpClass()[pri:0, instance:com.testautomation.TestRunner.TestRunner@2bbf4b8b]" name="setUpClass" is-config="true" duration-ms="94" started-at="2019-12-16T07:22:20 IST" finished-at="2019-12-16T07:22:20 IST">
          <reporter-output>
          </reporter-output>
        </test-method> <!-- setUpClass -->
        <test-method status="PASS" signature="feature(cucumber.api.testng.PickleEventWrapper, cucumber.api.testng.CucumberFeatureWrapper)[pri:0, instance:com.testautomation.TestRunner.TestRunner@2bbf4b8b]" name="feature" duration-ms="20046" started-at="2019-12-16T07:22:20 IST" data-provider="features" finished-at="2019-12-16T07:22:40 IST">
          <params>
            <param index="0">
              <value>
                <![CDATA["Youtube channel name validations"]]>
              </value>
            </param>
            <param index="1">
              <value>
                <![CDATA["Youtube channel name validation"]]>
              </value>
            </param>
          </params>
          <reporter-output>
          </reporter-output>
        </test-method> <!-- feature -->
        <test-method status="PASS" signature="feature(cucumber.api.testng.PickleEventWrapper, cucumber.api.testng.CucumberFeatureWrapper)[pri:0, instance:com.testautomation.TestRunner.TestRunner@2bbf4b8b]" name="feature" duration-ms="19178" started-at="2019-12-16T07:22:40 IST" data-provider="features" finished-at="2019-12-16T07:22:59 IST">
          <params>
            <param index="0">
              <value>
                <![CDATA["Youtube channel name validations"]]>
              </value>
            </param>
            <param index="1">
              <value>
                <![CDATA["Youtube channel name validation"]]>
              </value>
            </param>
          </params>
          <reporter-output>
          </reporter-output>
        </test-method> <!-- feature -->
        <test-method status="PASS" signature="tearDownClass()[pri:0, instance:com.testautomation.TestRunner.TestRunner@2bbf4b8b]" name="tearDownClass" is-config="true" duration-ms="3" started-at="2019-12-16T07:22:59 IST" finished-at="2019-12-16T07:22:59 IST">
          <reporter-output>
          </reporter-output>
        </test-method> <!-- tearDownClass -->
      </class> <!-- com.testautomation.TestRunner.TestRunner -->
    </test> <!-- Automation Test Report -->
  </suite> <!-- Automation Test Report -->
</testng-results>
